<?xml version="1.0" encoding="UTF-8"?>
<!-- Generated by org.testng.reporters.JUnitReportReporter -->
<testsuite hostname="7fe4c55ea029530" failures="0" tests="2" name="com.ust.tests.Secondtest" time="0.010" errors="0" timestamp="2023-03-30T16:53:29 IST" skipped="0">
  <testcase classname="com.ust.tests.Secondtest" name="f" time="0.008"/>
  <system-out/>
  <testcase classname="com.ust.tests.Secondtest" name="a" time="0.002"/>
  <system-out/>
</testsuite> <!-- com.ust.tests.Secondtest -->
