<?xml version="1.0" encoding="UTF-8"?>
<!-- Generated by org.testng.reporters.JUnitReportReporter -->
<testsuite hostname="7fe4c55ea029530" failures="0" tests="2" name="com.ust.tests.Thirdtest" time="0.007" errors="0" timestamp="2023-03-30T16:53:29 IST" skipped="0">
  <testcase classname="com.ust.tests.Thirdtest" name="f" time="0.006"/>
  <system-out/>
  <testcase classname="com.ust.tests.Thirdtest" name="a" time="0.001"/>
  <system-out/>
</testsuite> <!-- com.ust.tests.Thirdtest -->
