<?xml version="1.0" encoding="UTF-8"?>
<!-- Generated by org.testng.reporters.JUnitReportReporter -->
<testsuite hostname="7fe4c55ea029530" failures="0" tests="2" name="com.ust.tests.Firsttests" time="0.012" errors="0" timestamp="2023-03-30T16:53:29 IST" skipped="0">
  <testcase classname="com.ust.tests.Firsttests" name="f" time="0.010"/>
  <system-out/>
  <testcase classname="com.ust.tests.Firsttests" name="a" time="0.002"/>
  <system-out/>
</testsuite> <!-- com.ust.tests.Firsttests -->
